<?xml version="1.0" encoding="UTF-8"?>
<!-- Generated by org.testng.reporters.JUnitXMLReporter -->
<testsuite ignored="3" hostname="DESKTOP-B0AM9G5" failures="0" tests="1" name="Default test" time="36.355" errors="0" timestamp="2024-01-08T11:04:46 IST">
  <testcase classname="testcases.Homepagetest" name="verify_product_features_presence" time="0.836"/>
  <testcase classname="testcases.Homepagetest" name="verify_allmenuitems_on_homepage" time="0.0">
    <ignored/>
  </testcase> <!-- verify_allmenuitems_on_homepage -->
  <testcase classname="testcases.Homepagetest" name="verifytitle_on_Homepage" time="0.0">
    <ignored/>
  </testcase> <!-- verifytitle_on_Homepage -->
  <testcase classname="testcases.Homepagetest" name="verifylogo_on_homepage" time="0.0">
    <ignored/>
  </testcase> <!-- verifylogo_on_homepage -->
</testsuite> <!-- Default test -->
