<?xml version="1.0" encoding="UTF-8"?>
<!-- Generated by org.testng.reporters.JUnitXMLReporter -->
<testsuite ignored="0" hostname="DESKTOP-B0AM9G5" failures="0" tests="9" name="Test" time="197.635" errors="0" timestamp="2024-01-09T10:07:37 IST">
  <testcase classname="testcases.Logintest" name="LoginWith_valid_credentials" time="13.425"/>
  <testcase classname="testcases.Logintest" name="LoginWith_valid_credentials" time="6.428"/>
  <testcase classname="testcases.Logintest" name="LoginWith_valid_credentials" time="4.767"/>
  <testcase classname="testcases.Logintest" name="LoginWith_valid_credentials" time="4.915"/>
  <testcase classname="testcases.Signuptest" name="signup" time="5.031"/>
  <testcase classname="testcases.Homepagetest" name="verify_allmenuitems_on_homepage" time="0.834"/>
  <testcase classname="testcases.Homepagetest" name="verify_product_features_presence" time="0.951"/>
  <testcase classname="testcases.Homepagetest" name="verifylogo_on_homepage" time="0.117"/>
  <testcase classname="testcases.Homepagetest" name="verifytitle_on_Homepage" time="0.07"/>
</testsuite> <!-- Test -->
