<?xml version="1.0" encoding="UTF-8"?>
<!-- Generated by org.testng.reporters.JUnitXMLReporter -->
<testsuite ignored="0" hostname="DESKTOP-B0AM9G5" failures="0" tests="9" name="Test" time="221.422" errors="0" timestamp="2024-01-09T15:07:29 IST">
  <testcase classname="testcases.Logintest" name="LoginWith_valid_credentials" time="7.982"/>
  <testcase classname="testcases.Logintest" name="LoginWith_valid_credentials" time="14.365"/>
  <testcase classname="testcases.Logintest" name="LoginWith_valid_credentials" time="4.931"/>
  <testcase classname="testcases.Logintest" name="LoginWith_valid_credentials" time="4.978"/>
  <testcase classname="testcases.Signuptest" name="signup" time="5.169"/>
  <testcase classname="testcases.Homepagetest" name="verify_allmenuitems_on_homepage" time="1.488"/>
  <testcase classname="testcases.Homepagetest" name="verify_product_features_presence" time="0.864"/>
  <testcase classname="testcases.Homepagetest" name="verifylogo_on_homepage" time="0.144"/>
  <testcase classname="testcases.Homepagetest" name="verifytitle_on_Homepage" time="0.066"/>
</testsuite> <!-- Test -->
