<?xml version="1.0" encoding="UTF-8"?>
<testsuite xmlns:xsi="http://www.w3.org/2001/XMLSchema-instance" xsi:noNamespaceSchemaLocation="https://maven.apache.org/surefire/maven-surefire-plugin/xsd/surefire-test-report-3.0.xsd" version="3.0" name="TestSuite" time="227.463" tests="9" errors="0" skipped="0" failures="0">
  <properties>
[...]
</properties>
  <testcase name="LoginWith_valid_credentials[samrin123, admin123](1)" classname="testcases.Logintest" time="8.009">
    <system-out><![CDATA[Welcome to loginpage
]]></system-out>
    <system-err><![CDATA[SLF4J: Failed to load class "org.slf4j.impl.StaticLoggerBinder".
SLF4J: Defaulting to no-operation (NOP) logger implementation
SLF4J: See http://www.slf4j.org/codes.html#StaticLoggerBinder for further details.
]]></system-err>
  </testcase>
  <testcase name="LoginWith_valid_credentials[sam23, admin124](2)" classname="testcases.Logintest" time="14.364">
    <system-out><![CDATA[Welcome to loginpage
]]></system-out>
  </testcase>
  <testcase name="LoginWith_valid_credentials[karish12, admin125](3)" classname="testcases.Logintest" time="4.928">
    <system-out><![CDATA[Welcome to loginpage
]]></system-out>
  </testcase>
  <testcase name="LoginWith_valid_credentials[ka123, admin126](4)" classname="testcases.Logintest" time="4.973">
    <system-out><![CDATA[Welcome to loginpage
]]></system-out>
  </testcase>
  <testcase name="signup" classname="testcases.Signuptest" time="5.177"/>
  <testcase name="verify_allmenuitems_on_homepage" classname="testcases.Homepagetest" time="1.487">
    <system-out><![CDATA[All navigation menu items are not available
All navigation menu items are not available
All navigation menu items are not available
All navigation menu items are not available
All navigation menu items are not available
All navigation menu items are not available
]]></system-out>
  </testcase>
  <testcase name="verify_product_features_presence" classname="testcases.Homepagetest" time="0.866"/>
  <testcase name="verifylogo_on_homepage" classname="testcases.Homepagetest" time="0.145"/>
  <testcase name="verifytitle_on_Homepage" classname="testcases.Homepagetest" time="0.063"/>
</testsuite>