<?xml version="1.0" encoding="UTF-8"?>
<testng-results ignored="0" total="9" passed="9" failed="0" skipped="0">
  <reporter-output>
    <line>
      <![CDATA[Welcome to loginpage]]>
    </line>
    <line>
      <![CDATA[Welcome to loginpage]]>
    </line>
    <line>
      <![CDATA[Welcome to loginpage]]>
    </line>
    <line>
      <![CDATA[Welcome to loginpage]]>
    </line>
  </reporter-output>
  <suite started-at="2024-01-09T10:04:18 IST" name="Suite" finished-at="2024-01-09T10:07:36 IST" duration-ms="197635">
    <groups>
    </groups>
    <test started-at="2024-01-09T10:04:18 IST" name="Test" finished-at="2024-01-09T10:07:36 IST" duration-ms="197635">
      <class name="testcases.Signuptest">
        <test-method is-config="true" signature="startup()[pri:0, instance:testcases.Signuptest@383dc82c]" started-at="2024-01-09T10:06:39 IST" name="startup" finished-at="2024-01-09T10:06:48 IST" duration-ms="9085" status="PASS">
          <reporter-output>
          </reporter-output>
        </test-method> <!-- startup -->
        <test-method signature="signup()[pri:0, instance:testcases.Signuptest@383dc82c]" started-at="2024-01-09T10:06:48 IST" name="signup" finished-at="2024-01-09T10:06:53 IST" duration-ms="5031" status="PASS">
          <reporter-output>
          </reporter-output>
        </test-method> <!-- signup -->
        <test-method is-config="true" signature="close()[pri:0, instance:testcases.Signuptest@383dc82c]" started-at="2024-01-09T10:06:53 IST" name="close" finished-at="2024-01-09T10:06:54 IST" duration-ms="347" status="PASS">
          <reporter-output>
          </reporter-output>
        </test-method> <!-- close -->
      </class> <!-- testcases.Signuptest -->
      <class name="testcases.Logintest">
        <test-method is-config="true" signature="startup()[pri:0, instance:testcases.Logintest@3b35a229]" started-at="2024-01-09T10:04:28 IST" name="startup" finished-at="2024-01-09T10:05:26 IST" duration-ms="58068" status="PASS">
          <reporter-output>
          </reporter-output>
        </test-method> <!-- startup -->
        <test-method signature="LoginWith_valid_credentials(java.lang.String,java.lang.String)[pri:0, instance:testcases.Logintest@3b35a229]" started-at="2024-01-09T10:05:26 IST" name="LoginWith_valid_credentials" data-provider="login" finished-at="2024-01-09T10:05:40 IST" duration-ms="13425" status="PASS">
          <params>
            <param index="0">
              <value>
                <![CDATA[samrin123]]>
              </value>
            </param>
            <param index="1">
              <value>
                <![CDATA[admin123]]>
              </value>
            </param>
          </params>
          <reporter-output>
            <line>
              <![CDATA[Welcome to loginpage]]>
            </line>
          </reporter-output>
        </test-method> <!-- LoginWith_valid_credentials -->
        <test-method is-config="true" signature="close()[pri:0, instance:testcases.Logintest@3b35a229]" started-at="2024-01-09T10:05:40 IST" name="close" finished-at="2024-01-09T10:05:41 IST" duration-ms="1399" status="PASS">
          <reporter-output>
          </reporter-output>
        </test-method> <!-- close -->
        <test-method is-config="true" signature="startup()[pri:0, instance:testcases.Logintest@3b35a229]" started-at="2024-01-09T10:05:41 IST" name="startup" finished-at="2024-01-09T10:06:01 IST" duration-ms="19958" status="PASS">
          <reporter-output>
          </reporter-output>
        </test-method> <!-- startup -->
        <test-method signature="LoginWith_valid_credentials(java.lang.String,java.lang.String)[pri:0, instance:testcases.Logintest@3b35a229]" started-at="2024-01-09T10:06:01 IST" name="LoginWith_valid_credentials" data-provider="login" finished-at="2024-01-09T10:06:07 IST" duration-ms="6428" status="PASS">
          <params>
            <param index="0">
              <value>
                <![CDATA[sam23]]>
              </value>
            </param>
            <param index="1">
              <value>
                <![CDATA[admin124]]>
              </value>
            </param>
          </params>
          <reporter-output>
            <line>
              <![CDATA[Welcome to loginpage]]>
            </line>
          </reporter-output>
        </test-method> <!-- LoginWith_valid_credentials -->
        <test-method is-config="true" signature="close()[pri:0, instance:testcases.Logintest@3b35a229]" started-at="2024-01-09T10:06:07 IST" name="close" finished-at="2024-01-09T10:06:09 IST" duration-ms="1059" status="PASS">
          <reporter-output>
          </reporter-output>
        </test-method> <!-- close -->
        <test-method is-config="true" signature="startup()[pri:0, instance:testcases.Logintest@3b35a229]" started-at="2024-01-09T10:06:09 IST" name="startup" finished-at="2024-01-09T10:06:20 IST" duration-ms="11567" status="PASS">
          <reporter-output>
          </reporter-output>
        </test-method> <!-- startup -->
        <test-method signature="LoginWith_valid_credentials(java.lang.String,java.lang.String)[pri:0, instance:testcases.Logintest@3b35a229]" started-at="2024-01-09T10:06:20 IST" name="LoginWith_valid_credentials" data-provider="login" finished-at="2024-01-09T10:06:25 IST" duration-ms="4767" status="PASS">
          <params>
            <param index="0">
              <value>
                <![CDATA[karish12]]>
              </value>
            </param>
            <param index="1">
              <value>
                <![CDATA[admin125]]>
              </value>
            </param>
          </params>
          <reporter-output>
            <line>
              <![CDATA[Welcome to loginpage]]>
            </line>
          </reporter-output>
        </test-method> <!-- LoginWith_valid_credentials -->
        <test-method is-config="true" signature="close()[pri:0, instance:testcases.Logintest@3b35a229]" started-at="2024-01-09T10:06:25 IST" name="close" finished-at="2024-01-09T10:06:25 IST" duration-ms="533" status="PASS">
          <reporter-output>
          </reporter-output>
        </test-method> <!-- close -->
        <test-method is-config="true" signature="startup()[pri:0, instance:testcases.Logintest@3b35a229]" started-at="2024-01-09T10:06:25 IST" name="startup" finished-at="2024-01-09T10:06:34 IST" duration-ms="8356" status="PASS">
          <reporter-output>
          </reporter-output>
        </test-method> <!-- startup -->
        <test-method signature="LoginWith_valid_credentials(java.lang.String,java.lang.String)[pri:0, instance:testcases.Logintest@3b35a229]" started-at="2024-01-09T10:06:34 IST" name="LoginWith_valid_credentials" data-provider="login" finished-at="2024-01-09T10:06:39 IST" duration-ms="4915" status="PASS">
          <params>
            <param index="0">
              <value>
                <![CDATA[ka123]]>
              </value>
            </param>
            <param index="1">
              <value>
                <![CDATA[admin126]]>
              </value>
            </param>
          </params>
          <reporter-output>
            <line>
              <![CDATA[Welcome to loginpage]]>
            </line>
          </reporter-output>
        </test-method> <!-- LoginWith_valid_credentials -->
        <test-method is-config="true" signature="close()[pri:0, instance:testcases.Logintest@3b35a229]" started-at="2024-01-09T10:06:39 IST" name="close" finished-at="2024-01-09T10:06:39 IST" duration-ms="431" status="PASS">
          <reporter-output>
          </reporter-output>
        </test-method> <!-- close -->
      </class> <!-- testcases.Logintest -->
      <class name="testcases.Homepagetest">
        <test-method is-config="true" signature="startup()[pri:0, instance:testcases.Homepagetest@4a07d605]" started-at="2024-01-09T10:06:54 IST" name="startup" finished-at="2024-01-09T10:07:05 IST" duration-ms="11629" status="PASS">
          <reporter-output>
          </reporter-output>
        </test-method> <!-- startup -->
        <test-method signature="verify_allmenuitems_on_homepage()[pri:0, instance:testcases.Homepagetest@4a07d605]" started-at="2024-01-09T10:07:05 IST" name="verify_allmenuitems_on_homepage" finished-at="2024-01-09T10:07:06 IST" duration-ms="834" status="PASS">
          <reporter-output>
          </reporter-output>
        </test-method> <!-- verify_allmenuitems_on_homepage -->
        <test-method is-config="true" signature="close()[pri:0, instance:testcases.Homepagetest@4a07d605]" started-at="2024-01-09T10:07:06 IST" name="close" finished-at="2024-01-09T10:07:07 IST" duration-ms="434" status="PASS">
          <reporter-output>
          </reporter-output>
        </test-method> <!-- close -->
        <test-method is-config="true" signature="startup()[pri:0, instance:testcases.Homepagetest@4a07d605]" started-at="2024-01-09T10:07:07 IST" name="startup" finished-at="2024-01-09T10:07:15 IST" duration-ms="8394" status="PASS">
          <reporter-output>
          </reporter-output>
        </test-method> <!-- startup -->
        <test-method signature="verify_product_features_presence()[pri:0, instance:testcases.Homepagetest@4a07d605]" started-at="2024-01-09T10:07:15 IST" name="verify_product_features_presence" finished-at="2024-01-09T10:07:16 IST" duration-ms="951" status="PASS">
          <reporter-output>
          </reporter-output>
        </test-method> <!-- verify_product_features_presence -->
        <test-method is-config="true" signature="close()[pri:0, instance:testcases.Homepagetest@4a07d605]" started-at="2024-01-09T10:07:16 IST" name="close" finished-at="2024-01-09T10:07:16 IST" duration-ms="376" status="PASS">
          <reporter-output>
          </reporter-output>
        </test-method> <!-- close -->
        <test-method is-config="true" signature="startup()[pri:0, instance:testcases.Homepagetest@4a07d605]" started-at="2024-01-09T10:07:16 IST" name="startup" finished-at="2024-01-09T10:07:25 IST" duration-ms="8746" status="PASS">
          <reporter-output>
          </reporter-output>
        </test-method> <!-- startup -->
        <test-method signature="verifylogo_on_homepage()[pri:0, instance:testcases.Homepagetest@4a07d605]" started-at="2024-01-09T10:07:25 IST" name="verifylogo_on_homepage" finished-at="2024-01-09T10:07:25 IST" duration-ms="117" status="PASS">
          <reporter-output>
          </reporter-output>
        </test-method> <!-- verifylogo_on_homepage -->
        <test-method is-config="true" signature="close()[pri:0, instance:testcases.Homepagetest@4a07d605]" started-at="2024-01-09T10:07:25 IST" name="close" finished-at="2024-01-09T10:07:25 IST" duration-ms="294" status="PASS">
          <reporter-output>
          </reporter-output>
        </test-method> <!-- close -->
        <test-method is-config="true" signature="startup()[pri:0, instance:testcases.Homepagetest@4a07d605]" started-at="2024-01-09T10:07:25 IST" name="startup" finished-at="2024-01-09T10:07:35 IST" duration-ms="9862" status="PASS">
          <reporter-output>
          </reporter-output>
        </test-method> <!-- startup -->
        <test-method signature="verifytitle_on_Homepage()[pri:0, instance:testcases.Homepagetest@4a07d605]" started-at="2024-01-09T10:07:35 IST" name="verifytitle_on_Homepage" finished-at="2024-01-09T10:07:35 IST" duration-ms="70" status="PASS">
          <reporter-output>
          </reporter-output>
        </test-method> <!-- verifytitle_on_Homepage -->
        <test-method is-config="true" signature="close()[pri:0, instance:testcases.Homepagetest@4a07d605]" started-at="2024-01-09T10:07:35 IST" name="close" finished-at="2024-01-09T10:07:36 IST" duration-ms="329" status="PASS">
          <reporter-output>
          </reporter-output>
        </test-method> <!-- close -->
      </class> <!-- testcases.Homepagetest -->
    </test> <!-- Test -->
  </suite> <!-- Suite -->
</testng-results>
